<?xml version="1.0" encoding="UTF-8"?>
<testsuite xmlns:xsi="http://www.w3.org/2001/XMLSchema-instance" xsi:noNamespaceSchemaLocation="https://maven.apache.org/surefire/maven-surefire-plugin/xsd/surefire-test-report-3.0.xsd" version="3.0" name="TestSuite" time="22.778" tests="1" errors="0" skipped="0" failures="1">
  <properties>
[...]
</properties>
  <testcase name="Validation" classname="homepageTest.HomePagePOMTest" time="0.019">
    <failure type="java.lang.NullPointerException">java.lang.NullPointerException
	at homepageTest.HomePagePOMTest.Validation(HomePagePOMTest.java:10)
</failure>
    <system-out><![CDATA[Extent Report Directory/Users/billal/Downloads/FrameworkSelenium/Expedia/target/surefire-reports/html
]]></system-out>
    <system-err><![CDATA[Oct 22, 2019 10:13:26 PM com.relevantcodes.extentreports.ExtentReports loadConfig
WARNING: Unable to perform report configuration. The file /Users/billal/Downloads/FrameworkSelenium/Expedia/report-config.xml was not found.
Starting ChromeDriver 77.0.3865.40 (f484704e052e0b556f8030b65b953dce96503217-refs/branch-heads/3865@{#442}) on port 36047
Only local connections are allowed.
Please protect ports used by ChromeDriver and related test frameworks to prevent access by malicious code.
Oct 22, 2019 10:13:30 PM org.openqa.selenium.remote.ProtocolHandshake createSession
INFO: Detected dialect: W3C
]]></system-err>
  </testcase>
</testsuite>