<?xml version="1.0" encoding="UTF-8"?>
<testng-results skipped="0" failed="0" ignored="0" total="2" passed="2">
  <reporter-output>
    <line>
      <![CDATA[Extent Report Directory/Users/billal/Downloads/FrameworkSelenium/Expedia/target/surefire-reports/html]]>
    </line>
    <line>
      <![CDATA[clicked on customer service]]>
    </line>
    <line>
      <![CDATA[clicked on feedback]]>
    </line>
  </reporter-output>
  <suite name="Selenium Test Suite" duration-ms="33808" started-at="2019-10-09T02:06:53Z" finished-at="2019-10-09T02:07:27Z">
    <groups>
    </groups>
    <test name="Automation tests" duration-ms="33808" started-at="2019-10-09T02:06:53Z" finished-at="2019-10-09T02:07:27Z">
      <class name="homepageTest.SupportTest">
        <test-method status="PASS" signature="extentSetup(org.testng.ITestContext)[pri:0, instance:homepageTest.SupportTest@35fb3008]" name="extentSetup" is-config="true" duration-ms="217" started-at="2019-10-09T02:06:53Z" finished-at="2019-10-09T02:06:53Z">
          <params>
            <param index="0">
              <value>
                <![CDATA[org.testng.TestRunner@5dcd8c7a]]>
              </value>
            </param>
          </params>
          <reporter-output>
            <line>
              <![CDATA[Extent Report Directory/Users/billal/Downloads/FrameworkSelenium/Expedia/target/surefire-reports/html]]>
            </line>
          </reporter-output>
        </test-method> <!-- extentSetup -->
        <test-method status="PASS" signature="setupDriver(java.lang.String, java.lang.String, java.lang.String, boolean, java.lang.String, java.lang.String)[pri:0, instance:homepageTest.SupportTest@35fb3008]" name="setupDriver" is-config="true" duration-ms="13351" started-at="2019-10-09T02:06:53Z" finished-at="2019-10-09T02:07:06Z">
          <params>
            <param index="0">
              <value>
                <![CDATA[mac]]>
              </value>
            </param>
            <param index="1">
              <value>
                <![CDATA[https://www.Expedia.com]]>
              </value>
            </param>
            <param index="2">
              <value>
                <![CDATA[chrome]]>
              </value>
            </param>
            <param index="3">
              <value>
                <![CDATA[false]]>
              </value>
            </param>
            <param index="4">
              <value>
                <![CDATA[77.0]]>
              </value>
            </param>
            <param index="5">
              <value>
                <![CDATA[saucelabs]]>
              </value>
            </param>
          </params>
          <reporter-output>
          </reporter-output>
        </test-method> <!-- setupDriver -->
        <test-method status="PASS" signature="startExtent(java.lang.reflect.Method)[pri:0, instance:homepageTest.SupportTest@35fb3008]" name="startExtent" is-config="true" duration-ms="8" started-at="2019-10-09T02:07:06Z" finished-at="2019-10-09T02:07:06Z">
          <params>
            <param index="0">
              <value>
                <![CDATA[public void homepageTest.SupportTest.clickOnCustomerService()]]>
              </value>
            </param>
          </params>
          <reporter-output>
          </reporter-output>
        </test-method> <!-- startExtent -->
        <test-method status="PASS" signature="clickOnCustomerService()[pri:0, instance:homepageTest.SupportTest@35fb3008]" name="clickOnCustomerService" duration-ms="5707" started-at="2019-10-09T02:07:06Z" finished-at="2019-10-09T02:07:12Z">
          <reporter-output>
            <line>
              <![CDATA[clicked on customer service]]>
            </line>
          </reporter-output>
        </test-method> <!-- clickOnCustomerService -->
        <test-method status="PASS" signature="afterEachTestMethod(org.testng.ITestResult)[pri:0, instance:homepageTest.SupportTest@35fb3008]" name="afterEachTestMethod" is-config="true" duration-ms="431" started-at="2019-10-09T02:07:12Z" finished-at="2019-10-09T02:07:12Z">
          <params>
            <param index="0">
              <value>
                <![CDATA[[TestResult name=clickOnCustomerService status=SUCCESS method=SupportTest.clickOnCustomerService()[pri:0, instance:homepageTest.SupportTest@35fb3008] output=clicked on customer service]]]>
              </value>
            </param>
          </params>
          <reporter-output>
          </reporter-output>
        </test-method> <!-- afterEachTestMethod -->
        <test-method status="PASS" signature="cleanUp()[pri:0, instance:homepageTest.SupportTest@35fb3008]" name="cleanUp" is-config="true" duration-ms="305" started-at="2019-10-09T02:07:12Z" finished-at="2019-10-09T02:07:13Z">
          <reporter-output>
          </reporter-output>
        </test-method> <!-- cleanUp -->
        <test-method status="PASS" signature="setupDriver(java.lang.String, java.lang.String, java.lang.String, boolean, java.lang.String, java.lang.String)[pri:0, instance:homepageTest.SupportTest@35fb3008]" name="setupDriver" is-config="true" duration-ms="9609" started-at="2019-10-09T02:07:13Z" finished-at="2019-10-09T02:07:22Z">
          <params>
            <param index="0">
              <value>
                <![CDATA[mac]]>
              </value>
            </param>
            <param index="1">
              <value>
                <![CDATA[https://www.Expedia.com]]>
              </value>
            </param>
            <param index="2">
              <value>
                <![CDATA[chrome]]>
              </value>
            </param>
            <param index="3">
              <value>
                <![CDATA[false]]>
              </value>
            </param>
            <param index="4">
              <value>
                <![CDATA[77.0]]>
              </value>
            </param>
            <param index="5">
              <value>
                <![CDATA[saucelabs]]>
              </value>
            </param>
          </params>
          <reporter-output>
          </reporter-output>
        </test-method> <!-- setupDriver -->
        <test-method status="PASS" signature="startExtent(java.lang.reflect.Method)[pri:0, instance:homepageTest.SupportTest@35fb3008]" name="startExtent" is-config="true" duration-ms="0" started-at="2019-10-09T02:07:22Z" finished-at="2019-10-09T02:07:22Z">
          <params>
            <param index="0">
              <value>
                <![CDATA[public void homepageTest.SupportTest.clickOnFeedBack()]]>
              </value>
            </param>
          </params>
          <reporter-output>
          </reporter-output>
        </test-method> <!-- startExtent -->
        <test-method status="PASS" signature="clickOnFeedBack()[pri:0, instance:homepageTest.SupportTest@35fb3008]" name="clickOnFeedBack" duration-ms="3767" started-at="2019-10-09T02:07:22Z" finished-at="2019-10-09T02:07:26Z">
          <reporter-output>
            <line>
              <![CDATA[clicked on feedback]]>
            </line>
          </reporter-output>
        </test-method> <!-- clickOnFeedBack -->
        <test-method status="PASS" signature="afterEachTestMethod(org.testng.ITestResult)[pri:0, instance:homepageTest.SupportTest@35fb3008]" name="afterEachTestMethod" is-config="true" duration-ms="92" started-at="2019-10-09T02:07:26Z" finished-at="2019-10-09T02:07:26Z">
          <params>
            <param index="0">
              <value>
                <![CDATA[[TestResult name=clickOnFeedBack status=SUCCESS method=SupportTest.clickOnFeedBack()[pri:0, instance:homepageTest.SupportTest@35fb3008] output=clicked on feedback]]]>
              </value>
            </param>
          </params>
          <reporter-output>
          </reporter-output>
        </test-method> <!-- afterEachTestMethod -->
        <test-method status="PASS" signature="cleanUp()[pri:0, instance:homepageTest.SupportTest@35fb3008]" name="cleanUp" is-config="true" duration-ms="496" started-at="2019-10-09T02:07:26Z" finished-at="2019-10-09T02:07:27Z">
          <reporter-output>
          </reporter-output>
        </test-method> <!-- cleanUp -->
        <test-method status="PASS" signature="generateReport()[pri:0, instance:homepageTest.SupportTest@35fb3008]" name="generateReport" is-config="true" duration-ms="43" started-at="2019-10-09T02:07:27Z" finished-at="2019-10-09T02:07:27Z">
          <reporter-output>
          </reporter-output>
        </test-method> <!-- generateReport -->
      </class> <!-- homepageTest.SupportTest -->
    </test> <!-- Automation tests -->
  </suite> <!-- Selenium Test Suite -->
</testng-results>
