-------------------------------------------------------------------------------
Test set: TestSuite
-------------------------------------------------------------------------------
Tests run: 1, Failures: 1, Errors: 0, Skipped: 0, Time elapsed: 22.778 s <<< FAILURE! - in TestSuite
Validation(homepageTest.HomePagePOMTest)  Time elapsed: 0.019 s  <<< FAILURE!
java.lang.NullPointerException
	at homepageTest.HomePagePOMTest.Validation(HomePagePOMTest.java:10)

