<?xml version="1.0" encoding="UTF-8"?>
<testng-results skipped="0" failed="1" ignored="0" total="1" passed="0">
  <reporter-output>
    <line>
      <![CDATA[Extent Report Directory/Users/billal/Downloads/FrameworkSelenium/Expedia/target/surefire-reports/html]]>
    </line>
  </reporter-output>
  <suite name="Selenium Test Suite" duration-ms="21884" started-at="2019-10-23T02:13:26Z" finished-at="2019-10-23T02:13:48Z">
    <groups>
    </groups>
    <test name="Automation tests" duration-ms="21884" started-at="2019-10-23T02:13:26Z" finished-at="2019-10-23T02:13:48Z">
      <class name="homepageTest.HomePagePOMTest">
        <test-method status="PASS" signature="extentSetup(org.testng.ITestContext)[pri:0, instance:homepageTest.HomePagePOMTest@35fb3008]" name="extentSetup" is-config="true" duration-ms="260" started-at="2019-10-23T02:13:26Z" finished-at="2019-10-23T02:13:26Z">
          <params>
            <param index="0">
              <value>
                <![CDATA[org.testng.TestRunner@68702e03]]>
              </value>
            </param>
          </params>
          <reporter-output>
            <line>
              <![CDATA[Extent Report Directory/Users/billal/Downloads/FrameworkSelenium/Expedia/target/surefire-reports/html]]>
            </line>
          </reporter-output>
        </test-method> <!-- extentSetup -->
        <test-method status="PASS" signature="setupDriver(java.lang.String, java.lang.String, java.lang.String, boolean, java.lang.String, java.lang.String)[pri:0, instance:homepageTest.HomePagePOMTest@35fb3008]" name="setupDriver" is-config="true" duration-ms="16710" started-at="2019-10-23T02:13:26Z" finished-at="2019-10-23T02:13:43Z">
          <params>
            <param index="0">
              <value>
                <![CDATA[mac]]>
              </value>
            </param>
            <param index="1">
              <value>
                <![CDATA[https://www.Expedia.com]]>
              </value>
            </param>
            <param index="2">
              <value>
                <![CDATA[chrome]]>
              </value>
            </param>
            <param index="3">
              <value>
                <![CDATA[false]]>
              </value>
            </param>
            <param index="4">
              <value>
                <![CDATA[77.0]]>
              </value>
            </param>
            <param index="5">
              <value>
                <![CDATA[saucelabs]]>
              </value>
            </param>
          </params>
          <reporter-output>
          </reporter-output>
        </test-method> <!-- setupDriver -->
        <test-method status="PASS" signature="startExtent(java.lang.reflect.Method)[pri:0, instance:homepageTest.HomePagePOMTest@35fb3008]" name="startExtent" is-config="true" duration-ms="7" started-at="2019-10-23T02:13:43Z" finished-at="2019-10-23T02:13:43Z">
          <params>
            <param index="0">
              <value>
                <![CDATA[public void homepageTest.HomePagePOMTest.Validation()]]>
              </value>
            </param>
          </params>
          <reporter-output>
          </reporter-output>
        </test-method> <!-- startExtent -->
        <test-method status="FAIL" signature="Validation()[pri:0, instance:homepageTest.HomePagePOMTest@35fb3008]" name="Validation" duration-ms="4" started-at="2019-10-23T02:13:43Z" finished-at="2019-10-23T02:13:43Z">
          <exception class="java.lang.NullPointerException">
            <full-stacktrace>
              <![CDATA[java.lang.NullPointerException
at POM.HomePagePOM.ValidateContactClickAble(HomePagePOM.java:18)
at homepageTest.HomePagePOMTest.Validation(HomePagePOMTest.java:10)
at sun.reflect.NativeMethodAccessorImpl.invoke0(Native Method)
at sun.reflect.NativeMethodAccessorImpl.invoke(NativeMethodAccessorImpl.java:62)
at sun.reflect.DelegatingMethodAccessorImpl.invoke(DelegatingMethodAccessorImpl.java:43)
at java.lang.reflect.Method.invoke(Method.java:498)
at org.testng.internal.MethodInvocationHelper.invokeMethod(MethodInvocationHelper.java:124)
at org.testng.internal.Invoker.invokeMethod(Invoker.java:583)
at org.testng.internal.Invoker.invokeTestMethod(Invoker.java:719)
at org.testng.internal.Invoker.invokeTestMethods(Invoker.java:989)
at org.testng.internal.TestMethodWorker.invokeTestMethods(TestMethodWorker.java:125)
at org.testng.internal.TestMethodWorker.run(TestMethodWorker.java:109)
at org.testng.TestRunner.privateRun(TestRunner.java:648)
at org.testng.TestRunner.run(TestRunner.java:505)
at org.testng.SuiteRunner.runTest(SuiteRunner.java:455)
at org.testng.SuiteRunner.runSequentially(SuiteRunner.java:450)
at org.testng.SuiteRunner.privateRun(SuiteRunner.java:415)
at org.testng.SuiteRunner.run(SuiteRunner.java:364)
at org.testng.SuiteRunnerWorker.runSuite(SuiteRunnerWorker.java:52)
at org.testng.SuiteRunnerWorker.run(SuiteRunnerWorker.java:84)
at org.testng.TestNG.runSuitesSequentially(TestNG.java:1208)
at org.testng.TestNG.runSuitesLocally(TestNG.java:1137)
at org.testng.TestNG.runSuites(TestNG.java:1049)
at org.testng.TestNG.run(TestNG.java:1017)
at org.apache.maven.surefire.testng.TestNGExecutor.run(TestNGExecutor.java:283)
at org.apache.maven.surefire.testng.TestNGXmlTestSuite.execute(TestNGXmlTestSuite.java:75)
at org.apache.maven.surefire.testng.TestNGProvider.invoke(TestNGProvider.java:120)
at org.apache.maven.surefire.booter.ForkedBooter.invokeProviderInSameClassLoader(ForkedBooter.java:384)
at org.apache.maven.surefire.booter.ForkedBooter.runSuitesInProcess(ForkedBooter.java:345)
at org.apache.maven.surefire.booter.ForkedBooter.execute(ForkedBooter.java:126)
at org.apache.maven.surefire.booter.ForkedBooter.main(ForkedBooter.java:418)
]]>
            </full-stacktrace>
          </exception> <!-- java.lang.NullPointerException -->
          <reporter-output>
          </reporter-output>
        </test-method> <!-- Validation -->
        <test-method status="PASS" signature="afterEachTestMethod(org.testng.ITestResult)[pri:0, instance:homepageTest.HomePagePOMTest@35fb3008]" name="afterEachTestMethod" is-config="true" duration-ms="4621" started-at="2019-10-23T02:13:43Z" finished-at="2019-10-23T02:13:48Z">
          <params>
            <param index="0">
              <value>
                <![CDATA[[TestResult name=Validation status=FAILURE method=HomePagePOMTest.Validation()[pri:0, instance:homepageTest.HomePagePOMTest@35fb3008] output={null}]]]>
              </value>
            </param>
          </params>
          <reporter-output>
          </reporter-output>
        </test-method> <!-- afterEachTestMethod -->
        <test-method status="PASS" signature="cleanUp()[pri:0, instance:homepageTest.HomePagePOMTest@35fb3008]" name="cleanUp" is-config="true" duration-ms="491" started-at="2019-10-23T02:13:48Z" finished-at="2019-10-23T02:13:48Z">
          <reporter-output>
          </reporter-output>
        </test-method> <!-- cleanUp -->
        <test-method status="PASS" signature="generateReport()[pri:0, instance:homepageTest.HomePagePOMTest@35fb3008]" name="generateReport" is-config="true" duration-ms="76" started-at="2019-10-23T02:13:48Z" finished-at="2019-10-23T02:13:48Z">
          <reporter-output>
          </reporter-output>
        </test-method> <!-- generateReport -->
      </class> <!-- homepageTest.HomePagePOMTest -->
    </test> <!-- Automation tests -->
  </suite> <!-- Selenium Test Suite -->
</testng-results>
