<?xml version="1.0" encoding="UTF-8"?>
<!-- Generated by org.testng.reporters.JUnitXMLReporter -->
<testsuite hostname="Billals-MacBook-Pro.local" ignored="0" name="Automation tests" tests="1" failures="1" timestamp="23 Oct 2019 02:13:48 GMT" time="21.884" errors="0">
  <testcase name="Validation" time="0.004" classname="homepageTest.HomePagePOMTest">
    <failure type="java.lang.NullPointerException">
      <![CDATA[java.lang.NullPointerException
at POM.HomePagePOM.ValidateContactClickAble(HomePagePOM.java:18)
at homepageTest.HomePagePOMTest.Validation(HomePagePOMTest.java:10)
... Removed 29 stack frames]]>
    </failure>
  </testcase> <!-- Validation -->
</testsuite> <!-- Automation tests -->
